<?xml version="1.0" encoding="utf-8"?>
<shfbBuild product="Sandcastle Help File Builder" version="2014.11.22.0" projectFile="X:\Files\Github\GRGL\GRGL\Docs\GrglDocs.shfbproj" started="12/14/2014 6:37:44 PM">
<buildStep step="Initializing">
Finding tools...
The Sandcastle tools are located in &#39;C:\Program Files (x86)\EWSoftware\Sandcastle Help File Builder\&#39;
Searching for HTML Help 1 compiler...
Found HTML Help 1 compiler in &#39;C:\Program Files (x86)\HTML Help Workshop\&#39;
Locating components in the following folder(s):
   X:\Files\Github\GRGL\GRGL\Docs
Using presentation style &#39;VS2013&#39; located in &#39;C:\Program Files (x86)\EWSoftware\Sandcastle Help File Builder\PresentationStyles\VS2013&#39;
Loading and initializing plug-ins...
Hierarchical Table of Contents Version 2014.11.22.0
Copyright &#169; 2006-2014, Eric Woodruff, All Rights Reserved
Lightweight Website Style Version 2014.11.22.0
Copyright &#169; 2006-2014, Eric Woodruff, All Rights Reserved
Portions Copyright &#169; 2014, Sam Harwell, All Rights Reserved
</buildStep>
<buildStep step="ValidatingDocumentationSources">
Validating and copying documentation source information
Source: X:\Files\Github\GRGL\GRGL\GRGL\bin\Release\GRGL.dll
    Found assembly &#39;X:\Files\Github\GRGL\GRGL\GRGL\bin\Release\GRGL.dll&#39;
Source: X:\Files\Github\GRGL\GRGL\GRGL\bin\Release\GRGL.XML

Copying XML comments files
    X:\Files\Github\GRGL\GRGL\GRGL\bin\Release\GRGL.XML -&gt; X:\Files\Github\GRGL\GRGL\Docs\WorkingFiles\GRGL.XML
</buildStep>
<buildStep step="GenerateSharedContent">
Generating shared content files (en-US, English (United States))...
<plugIn name="Lightweight Website Style" behavior="After" priority="1000">
</plugIn>    Last step completed in 00:00:00.0060
</buildStep>
<buildStep step="GenerateApiFilter">
Generating API filter for MRefBuilder...
    Last step completed in 00:00:00.0060
</buildStep>
<buildStep step="GenerateReflectionInfo">
Generating reflection information...
[C:\Windows\Microsoft.NET\Framework64\v4.0.30319\MSBuild.exe]
Build started 12/14/2014 6:37:45 PM.
Project &quot;X:\Files\Github\GRGL\GRGL\Docs\WorkingFiles\GenerateRefInfo.proj&quot; on node 1 (default targets).
PrepareForBuild:
  Creating directory &quot;obj\Debug\&quot;.
GenerateRefInfo:
  MRefBuilder (v2014.11.22.0)
  Copyright c 2006-2014, Microsoft Corporation, All Rights Reserved.
  Portions Copyright c 2006-2014, Eric Woodruff, All Rights Reserved.
  Loaded 1 assemblies for reflection and 1 dependency assemblies.
  Wrote information on 7 namespaces, 46 types, and 127 members
  Copying file from &quot;reflection.org&quot; to &quot;reflection.all&quot;.
  XslTransform (v2014.11.22.0)
  Copyright c 2006-2014, Microsoft Corporation, All Rights Reserved.
  Portions Copyright c 2006-2014, Eric Woodruff, All Rights Reserved.
  Applying XSL transformation &#39;C:\Program Files (x86)\EWSoftware\Sandcastle Help File Builder\ProductionTransforms\MergeDuplicates.xsl&#39;.
Done Building Project &quot;X:\Files\Github\GRGL\GRGL\Docs\WorkingFiles\GenerateRefInfo.proj&quot; (default targets).

Build succeeded.

Time Elapsed 00:00:00.94
    Last step completed in 00:00:01.0511
</buildStep>
<buildStep step="TransformReflectionInfo">
Transforming reflection output...
[C:\Windows\Microsoft.NET\Framework64\v4.0.30319\MSBuild.exe]
Build started 12/14/2014 6:37:46 PM.
Project &quot;X:\Files\Github\GRGL\GRGL\Docs\WorkingFiles\TransformManifest.proj&quot; on node 1 (default targets).
TransformManifest:
  XslTransform (v2014.11.22.0)
  Copyright c 2006-2014, Microsoft Corporation, All Rights Reserved.
  Portions Copyright c 2006-2014, Eric Woodruff, All Rights Reserved.
  Applying XSL transformation &#39;C:\Program Files (x86)\EWSoftware\Sandcastle Help File Builder\\ProductionTransforms\ApplyVSDocModel.xsl&#39;.
  Copying file from &quot;reflection.xml&quot; to &quot;reflection.nofilenames&quot;.
  XslTransform (v2014.11.22.0)
  Copyright c 2006-2014, Microsoft Corporation, All Rights Reserved.
  Portions Copyright c 2006-2014, Eric Woodruff, All Rights Reserved.
  Applying XSL transformation &#39;C:\Program Files (x86)\EWSoftware\Sandcastle Help File Builder\ProductionTransforms\AddFilenames.xsl&#39;.
    Unique name M_Grgl_Character_Character__ctor_1 generated for M:Grgl.Character.Character.#ctor(System.String,System.String)
    Unique name M_Grgl_Character_Npc__ctor_1 generated for M:Grgl.Character.Npc.#ctor(System.String,System.String)
    Unique name M_Grgl_Dialog_DialogNode__ctor_1 generated for M:Grgl.Dialog.DialogNode.#ctor(System.String,System.String)
    Unique name M_Grgl_Dialog_DialogTree__ctor_1 generated for M:Grgl.Dialog.DialogTree.#ctor(Grgl.Dialog.IDialogNode)
    Unique name M_Grgl_Dialog_DialogTree_AddNode_1 generated for M:Grgl.Dialog.DialogTree.AddNode(System.String,System.String)
    Unique name M_Grgl_Dialog_IDialogTree_AddNode_1 generated for M:Grgl.Dialog.IDialogTree.AddNode(System.String,System.String)
    Unique name M_Grgl_Other_ElementalType_op_Implicit_1 generated for M:Grgl.Other.ElementalType.op_Implicit(System.Int32)~Grgl.Other.ElementalType
  XslTransform (v2014.11.22.0)
  Copyright c 2006-2014, Microsoft Corporation, All Rights Reserved.
  Portions Copyright c 2006-2014, Eric Woodruff, All Rights Reserved.
  Applying XSL transformation &#39;C:\Program Files (x86)\EWSoftware\Sandcastle Help File Builder\ProductionTransforms\ReflectionToManifest.xsl&#39;.
Done Building Project &quot;X:\Files\Github\GRGL\GRGL\Docs\WorkingFiles\TransformManifest.proj&quot; (default targets).

Build succeeded.

Time Elapsed 00:00:00.76
    Last step completed in 00:00:00.8761
</buildStep>
<buildStep step="GenerateNamespaceSummaries">
Generating namespace summary information...
    Last step completed in 00:00:00.0070
</buildStep>
<buildStep step="GenerateInheritedDocumentation">
Generating inherited documentation...
[C:\Windows\Microsoft.NET\Framework64\v4.0.30319\MSBuild.exe]
Sandcastle Help File Builder, version 2014.11.22.0
Copyright c 2006-2014, Eric Woodruff, All Rights Reserved
E-Mail: Eric@EWoodruff.us

Reflection information will be retrieved from &#39;reflection.xml&#39;
Inherited documentation will be written to &#39;_InheritedDocs_.xml&#39;
Indexing C:\Windows\Microsoft.NET\Framework\v2.0.50727\en\*.xml
Indexing C:\Program Files (x86)\Reference Assemblies\Microsoft\Framework\v3.5\*.xml
Indexing X:\Files\Github\GRGL\GRGL\Docs\WorkingFiles\GRGL.XML
Indexed 92324 members in 81 file(s).  1 file(s) to scan for &lt;inheritdoc /&gt; tags.
Merging inherited documentation...

SHFB: Warning GID0004: No comments found for member &#39;M:Grgl.Character.Character.#ctor(System.String,System.String)&#39;
SHFB: Warning GID0004: No comments found for member &#39;M:Grgl.Dialog.DialogNode.#ctor(System.String,System.String)&#39;
SHFB: Warning GID0004: No comments found for member &#39;M:Grgl.Dialog.DialogNode.#ctor(System.String)&#39;
SHFB: Warning GID0004: No comments found for member &#39;M:Grgl.Dialog.DialogTree.#ctor(Grgl.Dialog.IDialogNode)&#39;

Documentation merged successfully
    Last step completed in 00:00:00.8640
</buildStep>
<buildStep step="CopyAdditionalContent">
Copying additional content files...
No additional content to copy
    Last step completed in 00:00:00.0070
</buildStep>
<buildStep step="MergeTablesOfContents">
Merging conceptual and additional tables of contents...
    Last step completed in 00:00:00.0020
</buildStep>
<buildStep step="GenerateIntermediateTableOfContents">
Generating intermediate table of contents file...
[C:\Windows\Microsoft.NET\Framework64\v4.0.30319\MSBuild.exe]
Build started 12/14/2014 6:37:48 PM.
Project &quot;X:\Files\Github\GRGL\GRGL\Docs\WorkingFiles\GenerateIntermediateTOC.proj&quot; on node 1 (default targets).
GenerateIntermediateTOC:
  XslTransform (v2014.11.22.0)
  Copyright c 2006-2014, Microsoft Corporation, All Rights Reserved.
  Portions Copyright c 2006-2014, Eric Woodruff, All Rights Reserved.
  Applying XSL transformation &#39;C:\Program Files (x86)\EWSoftware\Sandcastle Help File Builder\\ProductionTransforms\CreateVSToc.xsl&#39;.
Done Building Project &quot;X:\Files\Github\GRGL\GRGL\Docs\WorkingFiles\GenerateIntermediateTOC.proj&quot; (default targets).

Build succeeded.

Time Elapsed 00:00:00.19
Generating conceptual content intermediate TOC file...
<plugIn name="Hierarchical Table of Contents" behavior="After" priority="1000">
Retrieving namespace topic title from shared content...
SHFB: Warning HTP0003: Unable to locate namespace topic title in reference content file.  Using default.
Creating namespace hierarchy...
</plugIn>    Last step completed in 00:00:00.3170
</buildStep>
<buildStep step="CreateBuildAssemblerConfigs">
Creating Sandcastle configuration files...
    sandcastle.config
    Last step completed in 00:00:00.2520
</buildStep>
<buildStep step="MergeCustomConfigs">
Merging custom build component configurations
X:\Files\Github\GRGL\GRGL\Docs\WorkingFiles\sandcastle.config
    Last step completed in 00:00:00.0440
</buildStep>
<buildStep step="BuildReferenceTopics">
Building reference help topics...
[C:\Windows\Microsoft.NET\Framework64\v4.0.30319\MSBuild.exe]
Build started 12/14/2014 6:37:48 PM.
Project &quot;X:\Files\Github\GRGL\GRGL\Docs\WorkingFiles\BuildReferenceTopics.proj&quot; on node 1 (default targets).
BuildReferenceTopics:
  BuildAssembler (v2014.11.22.0)
  Copyright c 2006-2014, Microsoft Corporation, All Rights Reserved.
  Portions Copyright c 2006-2014, Eric Woodruff, All Rights Reserved.
  Loading configuration...
  Processing topics...
BuildAssembler : warning : ShowMissingComponent: [M:Grgl.Character.Character.#ctor(System.String,System.String)] Missing &lt;param name=&quot;name&quot;/&gt; documentation [X:\Files\Github\GRGL\GRGL\Docs\WorkingFiles\BuildReferenceTopics.proj]
BuildAssembler : warning : ShowMissingComponent: [M:Grgl.Character.Character.#ctor(System.String,System.String)] Missing &lt;param name=&quot;refId&quot;/&gt; documentation [X:\Files\Github\GRGL\GRGL\Docs\WorkingFiles\BuildReferenceTopics.proj]
BuildAssembler : warning : ShowMissingComponent: [M:Grgl.Character.Npc.#ctor(System.String,System.String)] Missing &lt;param name=&quot;name&quot;/&gt; documentation [X:\Files\Github\GRGL\GRGL\Docs\WorkingFiles\BuildReferenceTopics.proj]
BuildAssembler : warning : ShowMissingComponent: [M:Grgl.Character.Npc.#ctor(System.String,System.String)] Missing &lt;param name=&quot;refId&quot;/&gt; documentation [X:\Files\Github\GRGL\GRGL\Docs\WorkingFiles\BuildReferenceTopics.proj]
BuildAssembler : warning : ShowMissingComponent: [M:Grgl.Dialog.DialogChoiceNode.#ctor(System.String,System.String)] Missing &lt;param name=&quot;idArg&quot;/&gt; documentation [X:\Files\Github\GRGL\GRGL\Docs\WorkingFiles\BuildReferenceTopics.proj]
BuildAssembler : warning : ShowMissingComponent: [M:Grgl.Dialog.DialogChoiceNode.#ctor(System.String,System.String)] Missing &lt;param name=&quot;textArg&quot;/&gt; documentation [X:\Files\Github\GRGL\GRGL\Docs\WorkingFiles\BuildReferenceTopics.proj]
BuildAssembler : warning : ShowMissingComponent: [M:Grgl.Dialog.DialogNode.#ctor(System.String)] Missing &lt;param name=&quot;idArg&quot;/&gt; documentation [X:\Files\Github\GRGL\GRGL\Docs\WorkingFiles\BuildReferenceTopics.proj]
BuildAssembler : warning : ShowMissingComponent: [M:Grgl.Dialog.DialogNode.#ctor(System.String,System.String)] Missing &lt;param name=&quot;idArg&quot;/&gt; documentation [X:\Files\Github\GRGL\GRGL\Docs\WorkingFiles\BuildReferenceTopics.proj]
BuildAssembler : warning : ShowMissingComponent: [M:Grgl.Dialog.DialogNode.#ctor(System.String,System.String)] Missing &lt;param name=&quot;textArg&quot;/&gt; documentation [X:\Files\Github\GRGL\GRGL\Docs\WorkingFiles\BuildReferenceTopics.proj]
BuildAssembler : warning : ShowMissingComponent: [M:Grgl.Dialog.DialogTree.#ctor(Grgl.Dialog.IDialogNode)] Missing &lt;param name=&quot;rootNode&quot;/&gt; documentation [X:\Files\Github\GRGL\GRGL\Docs\WorkingFiles\BuildReferenceTopics.proj]
BuildAssembler : warning : ShowMissingComponent: [M:Grgl.Other.ElementalType.#ctor(System.Int32)] Missing &lt;param name=&quot;value&quot;/&gt; documentation [X:\Files\Github\GRGL\GRGL\Docs\WorkingFiles\BuildReferenceTopics.proj]
BuildAssembler : warning : ShowMissingComponent: [F:Grgl.Other.ElementalType.Fire] Missing &lt;summary&gt; documentation [X:\Files\Github\GRGL\GRGL\Docs\WorkingFiles\BuildReferenceTopics.proj]
BuildAssembler : warning : ShowMissingComponent: [F:Grgl.Other.ElementalType.Ice] Missing &lt;summary&gt; documentation [X:\Files\Github\GRGL\GRGL\Docs\WorkingFiles\BuildReferenceTopics.proj]
BuildAssembler : warning : ShowMissingComponent: [M:Grgl.Other.ElementalType.op_Implicit(Grgl.Other.ElementalType)~System.Int32] Missing &lt;summary&gt; documentation [X:\Files\Github\GRGL\GRGL\Docs\WorkingFiles\BuildReferenceTopics.proj]
BuildAssembler : warning : ShowMissingComponent: [M:Grgl.Other.ElementalType.op_Implicit(Grgl.Other.ElementalType)~System.Int32] Missing &lt;returns&gt; documentation [X:\Files\Github\GRGL\GRGL\Docs\WorkingFiles\BuildReferenceTopics.proj]
BuildAssembler : warning : ShowMissingComponent: [M:Grgl.Other.ElementalType.op_Implicit(Grgl.Other.ElementalType)~System.Int32] Missing &lt;param name=&quot;arg&quot;/&gt; documentation [X:\Files\Github\GRGL\GRGL\Docs\WorkingFiles\BuildReferenceTopics.proj]
BuildAssembler : warning : ShowMissingComponent: [M:Grgl.Other.ElementalType.op_Implicit(System.Int32)~Grgl.Other.ElementalType] Missing &lt;summary&gt; documentation [X:\Files\Github\GRGL\GRGL\Docs\WorkingFiles\BuildReferenceTopics.proj]
BuildAssembler : warning : ShowMissingComponent: [M:Grgl.Other.ElementalType.op_Implicit(System.Int32)~Grgl.Other.ElementalType] Missing &lt;returns&gt; documentation [X:\Files\Github\GRGL\GRGL\Docs\WorkingFiles\BuildReferenceTopics.proj]
BuildAssembler : warning : ShowMissingComponent: [M:Grgl.Other.ElementalType.op_Implicit(System.Int32)~Grgl.Other.ElementalType] Missing &lt;param name=&quot;value&quot;/&gt; documentation [X:\Files\Github\GRGL\GRGL\Docs\WorkingFiles\BuildReferenceTopics.proj]
BuildAssembler : warning : ShowMissingComponent: [F:Grgl.Other.ElementalType.Poison] Missing &lt;summary&gt; documentation [X:\Files\Github\GRGL\GRGL\Docs\WorkingFiles\BuildReferenceTopics.proj]
BuildAssembler : warning : ShowMissingComponent: [P:Grgl.Other.ElementalType.Value] Missing &lt;summary&gt; documentation [X:\Files\Github\GRGL\GRGL\Docs\WorkingFiles\BuildReferenceTopics.proj]
  Processed 220 topic(s)
  21 warning(s)
  CopyFromIndexComponent: &quot;reflection&quot; in-memory cache entries used: 4 of 15.
  CopyFromIndexComponent: &quot;comments&quot; in-memory cache entries used: 3 of 30.
Done Building Project &quot;X:\Files\Github\GRGL\GRGL\Docs\WorkingFiles\BuildReferenceTopics.proj&quot; (default targets).

Build succeeded.

Time Elapsed 00:00:16.16
    Last step completed in 00:00:16.2949
</buildStep>
<buildStep step="CombiningIntermediateTocFiles">
Combining conceptual and API intermediate TOC files...

Clearing any prior web output
    Last step completed in 00:00:00.0100
</buildStep>
<buildStep step="ExtractingHtmlInfo">
Extracting HTML info for HTML Help 1 and/or website...
[C:\Windows\Microsoft.NET\Framework64\v4.0.30319\MSBuild.exe]
Sandcastle Help File Builder, version 2014.11.22.0
Copyright c 2006-2014, Eric Woodruff, All Rights Reserved
E-Mail: Eric@EWoodruff.us

Using LCID &#39;1033&#39;, code page &#39;65001&#39;, encoding charset &#39;UTF-8&#39;.

Processing Help 1 files in X:\Files\Github\GRGL\GRGL\Docs\WorkingFiles\Output\HtmlHelp1
Processed 220 HTML files
Sorting keywords and generating See Also indices
Saving HTML Help 1 keyword index to X:\Files\Github\GRGL\GRGL\Docs\WorkingFiles\Documentation.hhk
Saving HTML Help 1 table of contents to X:\Files\Github\GRGL\GRGL\Docs\WorkingFiles\Documentation.hhc

Processing website files in X:\Files\Github\GRGL\GRGL\Docs\WorkingFiles\Output\Website
Processed 220 HTML files
Sorting keywords and generating See Also indices
Saving website keyword index to X:\Files\Github\GRGL\GRGL\Docs\WorkingFiles\WebKI.xml
Saving website table of contents to X:\Files\Github\GRGL\GRGL\Docs\WorkingFiles\WebTOC.xml
    Last step completed in 00:00:01.6791
</buildStep>
<buildStep step="CopyStandardHelpContent">
Copying standard help content...
C:\Program Files (x86)\EWSoftware\Sandcastle Help File Builder\PresentationStyles\VS2013\icons\AlertCaution.png -&gt; X:\Files\Github\GRGL\GRGL\Docs\WorkingFiles\Output\HtmlHelp1\icons\AlertCaution.png
C:\Program Files (x86)\EWSoftware\Sandcastle Help File Builder\PresentationStyles\VS2013\icons\AlertNote.png -&gt; X:\Files\Github\GRGL\GRGL\Docs\WorkingFiles\Output\HtmlHelp1\icons\AlertNote.png
C:\Program Files (x86)\EWSoftware\Sandcastle Help File Builder\PresentationStyles\VS2013\icons\AlertSecurity.png -&gt; X:\Files\Github\GRGL\GRGL\Docs\WorkingFiles\Output\HtmlHelp1\icons\AlertSecurity.png
C:\Program Files (x86)\EWSoftware\Sandcastle Help File Builder\PresentationStyles\VS2013\icons\CFW.gif -&gt; X:\Files\Github\GRGL\GRGL\Docs\WorkingFiles\Output\HtmlHelp1\icons\CFW.gif
C:\Program Files (x86)\EWSoftware\Sandcastle Help File Builder\PresentationStyles\VS2013\icons\CodeExample.png -&gt; X:\Files\Github\GRGL\GRGL\Docs\WorkingFiles\Output\HtmlHelp1\icons\CodeExample.png
C:\Program Files (x86)\EWSoftware\Sandcastle Help File Builder\PresentationStyles\VS2013\icons\favicon.ico -&gt; X:\Files\Github\GRGL\GRGL\Docs\WorkingFiles\Output\HtmlHelp1\icons\favicon.ico
C:\Program Files (x86)\EWSoftware\Sandcastle Help File Builder\PresentationStyles\VS2013\icons\privclass.gif -&gt; X:\Files\Github\GRGL\GRGL\Docs\WorkingFiles\Output\HtmlHelp1\icons\privclass.gif
C:\Program Files (x86)\EWSoftware\Sandcastle Help File Builder\PresentationStyles\VS2013\icons\privdelegate.gif -&gt; X:\Files\Github\GRGL\GRGL\Docs\WorkingFiles\Output\HtmlHelp1\icons\privdelegate.gif
C:\Program Files (x86)\EWSoftware\Sandcastle Help File Builder\PresentationStyles\VS2013\icons\privenumeration.gif -&gt; X:\Files\Github\GRGL\GRGL\Docs\WorkingFiles\Output\HtmlHelp1\icons\privenumeration.gif
C:\Program Files (x86)\EWSoftware\Sandcastle Help File Builder\PresentationStyles\VS2013\icons\privevent.gif -&gt; X:\Files\Github\GRGL\GRGL\Docs\WorkingFiles\Output\HtmlHelp1\icons\privevent.gif
C:\Program Files (x86)\EWSoftware\Sandcastle Help File Builder\PresentationStyles\VS2013\icons\privextension.gif -&gt; X:\Files\Github\GRGL\GRGL\Docs\WorkingFiles\Output\HtmlHelp1\icons\privextension.gif
C:\Program Files (x86)\EWSoftware\Sandcastle Help File Builder\PresentationStyles\VS2013\icons\privfield.gif -&gt; X:\Files\Github\GRGL\GRGL\Docs\WorkingFiles\Output\HtmlHelp1\icons\privfield.gif
C:\Program Files (x86)\EWSoftware\Sandcastle Help File Builder\PresentationStyles\VS2013\icons\privinterface.gif -&gt; X:\Files\Github\GRGL\GRGL\Docs\WorkingFiles\Output\HtmlHelp1\icons\privinterface.gif
C:\Program Files (x86)\EWSoftware\Sandcastle Help File Builder\PresentationStyles\VS2013\icons\privmethod.gif -&gt; X:\Files\Github\GRGL\GRGL\Docs\WorkingFiles\Output\HtmlHelp1\icons\privmethod.gif
C:\Program Files (x86)\EWSoftware\Sandcastle Help File Builder\PresentationStyles\VS2013\icons\privproperty.gif -&gt; X:\Files\Github\GRGL\GRGL\Docs\WorkingFiles\Output\HtmlHelp1\icons\privproperty.gif
C:\Program Files (x86)\EWSoftware\Sandcastle Help File Builder\PresentationStyles\VS2013\icons\privstructure.gif -&gt; X:\Files\Github\GRGL\GRGL\Docs\WorkingFiles\Output\HtmlHelp1\icons\privstructure.gif
C:\Program Files (x86)\EWSoftware\Sandcastle Help File Builder\PresentationStyles\VS2013\icons\protclass.gif -&gt; X:\Files\Github\GRGL\GRGL\Docs\WorkingFiles\Output\HtmlHelp1\icons\protclass.gif
C:\Program Files (x86)\EWSoftware\Sandcastle Help File Builder\PresentationStyles\VS2013\icons\protdelegate.gif -&gt; X:\Files\Github\GRGL\GRGL\Docs\WorkingFiles\Output\HtmlHelp1\icons\protdelegate.gif
C:\Program Files (x86)\EWSoftware\Sandcastle Help File Builder\PresentationStyles\VS2013\icons\protenumeration.gif -&gt; X:\Files\Github\GRGL\GRGL\Docs\WorkingFiles\Output\HtmlHelp1\icons\protenumeration.gif
C:\Program Files (x86)\EWSoftware\Sandcastle Help File Builder\PresentationStyles\VS2013\icons\protevent.gif -&gt; X:\Files\Github\GRGL\GRGL\Docs\WorkingFiles\Output\HtmlHelp1\icons\protevent.gif
C:\Program Files (x86)\EWSoftware\Sandcastle Help File Builder\PresentationStyles\VS2013\icons\protextension.gif -&gt; X:\Files\Github\GRGL\GRGL\Docs\WorkingFiles\Output\HtmlHelp1\icons\protextension.gif
C:\Program Files (x86)\EWSoftware\Sandcastle Help File Builder\PresentationStyles\VS2013\icons\protfield.gif -&gt; X:\Files\Github\GRGL\GRGL\Docs\WorkingFiles\Output\HtmlHelp1\icons\protfield.gif
C:\Program Files (x86)\EWSoftware\Sandcastle Help File Builder\PresentationStyles\VS2013\icons\protinterface.gif -&gt; X:\Files\Github\GRGL\GRGL\Docs\WorkingFiles\Output\HtmlHelp1\icons\protinterface.gif
C:\Program Files (x86)\EWSoftware\Sandcastle Help File Builder\PresentationStyles\VS2013\icons\protmethod.gif -&gt; X:\Files\Github\GRGL\GRGL\Docs\WorkingFiles\Output\HtmlHelp1\icons\protmethod.gif
C:\Program Files (x86)\EWSoftware\Sandcastle Help File Builder\PresentationStyles\VS2013\icons\protoperator.gif -&gt; X:\Files\Github\GRGL\GRGL\Docs\WorkingFiles\Output\HtmlHelp1\icons\protoperator.gif
C:\Program Files (x86)\EWSoftware\Sandcastle Help File Builder\PresentationStyles\VS2013\icons\protproperty.gif -&gt; X:\Files\Github\GRGL\GRGL\Docs\WorkingFiles\Output\HtmlHelp1\icons\protproperty.gif
C:\Program Files (x86)\EWSoftware\Sandcastle Help File Builder\PresentationStyles\VS2013\icons\protstructure.gif -&gt; X:\Files\Github\GRGL\GRGL\Docs\WorkingFiles\Output\HtmlHelp1\icons\protstructure.gif
C:\Program Files (x86)\EWSoftware\Sandcastle Help File Builder\PresentationStyles\VS2013\icons\pubclass.gif -&gt; X:\Files\Github\GRGL\GRGL\Docs\WorkingFiles\Output\HtmlHelp1\icons\pubclass.gif
C:\Program Files (x86)\EWSoftware\Sandcastle Help File Builder\PresentationStyles\VS2013\icons\pubdelegate.gif -&gt; X:\Files\Github\GRGL\GRGL\Docs\WorkingFiles\Output\HtmlHelp1\icons\pubdelegate.gif
C:\Program Files (x86)\EWSoftware\Sandcastle Help File Builder\PresentationStyles\VS2013\icons\pubenumeration.gif -&gt; X:\Files\Github\GRGL\GRGL\Docs\WorkingFiles\Output\HtmlHelp1\icons\pubenumeration.gif
C:\Program Files (x86)\EWSoftware\Sandcastle Help File Builder\PresentationStyles\VS2013\icons\pubevent.gif -&gt; X:\Files\Github\GRGL\GRGL\Docs\WorkingFiles\Output\HtmlHelp1\icons\pubevent.gif
C:\Program Files (x86)\EWSoftware\Sandcastle Help File Builder\PresentationStyles\VS2013\icons\pubextension.gif -&gt; X:\Files\Github\GRGL\GRGL\Docs\WorkingFiles\Output\HtmlHelp1\icons\pubextension.gif
C:\Program Files (x86)\EWSoftware\Sandcastle Help File Builder\PresentationStyles\VS2013\icons\pubfield.gif -&gt; X:\Files\Github\GRGL\GRGL\Docs\WorkingFiles\Output\HtmlHelp1\icons\pubfield.gif
C:\Program Files (x86)\EWSoftware\Sandcastle Help File Builder\PresentationStyles\VS2013\icons\pubinterface.gif -&gt; X:\Files\Github\GRGL\GRGL\Docs\WorkingFiles\Output\HtmlHelp1\icons\pubinterface.gif
C:\Program Files (x86)\EWSoftware\Sandcastle Help File Builder\PresentationStyles\VS2013\icons\pubmethod.gif -&gt; X:\Files\Github\GRGL\GRGL\Docs\WorkingFiles\Output\HtmlHelp1\icons\pubmethod.gif
C:\Program Files (x86)\EWSoftware\Sandcastle Help File Builder\PresentationStyles\VS2013\icons\puboperator.gif -&gt; X:\Files\Github\GRGL\GRGL\Docs\WorkingFiles\Output\HtmlHelp1\icons\puboperator.gif
C:\Program Files (x86)\EWSoftware\Sandcastle Help File Builder\PresentationStyles\VS2013\icons\pubproperty.gif -&gt; X:\Files\Github\GRGL\GRGL\Docs\WorkingFiles\Output\HtmlHelp1\icons\pubproperty.gif
C:\Program Files (x86)\EWSoftware\Sandcastle Help File Builder\PresentationStyles\VS2013\icons\pubstructure.gif -&gt; X:\Files\Github\GRGL\GRGL\Docs\WorkingFiles\Output\HtmlHelp1\icons\pubstructure.gif
C:\Program Files (x86)\EWSoftware\Sandcastle Help File Builder\PresentationStyles\VS2013\icons\SectionCollapsed.png -&gt; X:\Files\Github\GRGL\GRGL\Docs\WorkingFiles\Output\HtmlHelp1\icons\SectionCollapsed.png
C:\Program Files (x86)\EWSoftware\Sandcastle Help File Builder\PresentationStyles\VS2013\icons\SectionExpanded.png -&gt; X:\Files\Github\GRGL\GRGL\Docs\WorkingFiles\Output\HtmlHelp1\icons\SectionExpanded.png
C:\Program Files (x86)\EWSoftware\Sandcastle Help File Builder\PresentationStyles\VS2013\icons\slMobile.gif -&gt; X:\Files\Github\GRGL\GRGL\Docs\WorkingFiles\Output\HtmlHelp1\icons\slMobile.gif
C:\Program Files (x86)\EWSoftware\Sandcastle Help File Builder\PresentationStyles\VS2013\icons\static.gif -&gt; X:\Files\Github\GRGL\GRGL\Docs\WorkingFiles\Output\HtmlHelp1\icons\static.gif
C:\Program Files (x86)\EWSoftware\Sandcastle Help File Builder\PresentationStyles\VS2013\icons\xna.gif -&gt; X:\Files\Github\GRGL\GRGL\Docs\WorkingFiles\Output\HtmlHelp1\icons\xna.gif
C:\Program Files (x86)\EWSoftware\Sandcastle Help File Builder\PresentationStyles\VS2013\scripts\branding.js -&gt; X:\Files\Github\GRGL\GRGL\Docs\WorkingFiles\Output\HtmlHelp1\scripts\branding.js
C:\Program Files (x86)\EWSoftware\Sandcastle Help File Builder\PresentationStyles\VS2013\styles\branding-cs-CZ.css -&gt; X:\Files\Github\GRGL\GRGL\Docs\WorkingFiles\Output\HtmlHelp1\styles\branding-cs-CZ.css
C:\Program Files (x86)\EWSoftware\Sandcastle Help File Builder\PresentationStyles\VS2013\styles\branding-de-DE.css -&gt; X:\Files\Github\GRGL\GRGL\Docs\WorkingFiles\Output\HtmlHelp1\styles\branding-de-DE.css
C:\Program Files (x86)\EWSoftware\Sandcastle Help File Builder\PresentationStyles\VS2013\styles\branding-en-US.css -&gt; X:\Files\Github\GRGL\GRGL\Docs\WorkingFiles\Output\HtmlHelp1\styles\branding-en-US.css
C:\Program Files (x86)\EWSoftware\Sandcastle Help File Builder\PresentationStyles\VS2013\styles\branding-es-ES.css -&gt; X:\Files\Github\GRGL\GRGL\Docs\WorkingFiles\Output\HtmlHelp1\styles\branding-es-ES.css
C:\Program Files (x86)\EWSoftware\Sandcastle Help File Builder\PresentationStyles\VS2013\styles\branding-fr-FR.css -&gt; X:\Files\Github\GRGL\GRGL\Docs\WorkingFiles\Output\HtmlHelp1\styles\branding-fr-FR.css
C:\Program Files (x86)\EWSoftware\Sandcastle Help File Builder\PresentationStyles\VS2013\styles\branding-Help1.css -&gt; X:\Files\Github\GRGL\GRGL\Docs\WorkingFiles\Output\HtmlHelp1\styles\branding-Help1.css
C:\Program Files (x86)\EWSoftware\Sandcastle Help File Builder\PresentationStyles\VS2013\styles\branding-Help2.css -&gt; X:\Files\Github\GRGL\GRGL\Docs\WorkingFiles\Output\HtmlHelp1\styles\branding-Help2.css
C:\Program Files (x86)\EWSoftware\Sandcastle Help File Builder\PresentationStyles\VS2013\styles\branding-HelpViewer.css -&gt; X:\Files\Github\GRGL\GRGL\Docs\WorkingFiles\Output\HtmlHelp1\styles\branding-HelpViewer.css
C:\Program Files (x86)\EWSoftware\Sandcastle Help File Builder\PresentationStyles\VS2013\styles\branding-it-IT.css -&gt; X:\Files\Github\GRGL\GRGL\Docs\WorkingFiles\Output\HtmlHelp1\styles\branding-it-IT.css
C:\Program Files (x86)\EWSoftware\Sandcastle Help File Builder\PresentationStyles\VS2013\styles\branding-ja-JP.css -&gt; X:\Files\Github\GRGL\GRGL\Docs\WorkingFiles\Output\HtmlHelp1\styles\branding-ja-JP.css
C:\Program Files (x86)\EWSoftware\Sandcastle Help File Builder\PresentationStyles\VS2013\styles\branding-ko-KR.css -&gt; X:\Files\Github\GRGL\GRGL\Docs\WorkingFiles\Output\HtmlHelp1\styles\branding-ko-KR.css
C:\Program Files (x86)\EWSoftware\Sandcastle Help File Builder\PresentationStyles\VS2013\styles\branding-pl-PL.css -&gt; X:\Files\Github\GRGL\GRGL\Docs\WorkingFiles\Output\HtmlHelp1\styles\branding-pl-PL.css
C:\Program Files (x86)\EWSoftware\Sandcastle Help File Builder\PresentationStyles\VS2013\styles\branding-pt-BR.css -&gt; X:\Files\Github\GRGL\GRGL\Docs\WorkingFiles\Output\HtmlHelp1\styles\branding-pt-BR.css
C:\Program Files (x86)\EWSoftware\Sandcastle Help File Builder\PresentationStyles\VS2013\styles\branding-ru-RU.css -&gt; X:\Files\Github\GRGL\GRGL\Docs\WorkingFiles\Output\HtmlHelp1\styles\branding-ru-RU.css
C:\Program Files (x86)\EWSoftware\Sandcastle Help File Builder\PresentationStyles\VS2013\styles\branding-tr-TR.css -&gt; X:\Files\Github\GRGL\GRGL\Docs\WorkingFiles\Output\HtmlHelp1\styles\branding-tr-TR.css
C:\Program Files (x86)\EWSoftware\Sandcastle Help File Builder\PresentationStyles\VS2013\styles\branding-Website.css -&gt; X:\Files\Github\GRGL\GRGL\Docs\WorkingFiles\Output\HtmlHelp1\styles\branding-Website.css
C:\Program Files (x86)\EWSoftware\Sandcastle Help File Builder\PresentationStyles\VS2013\styles\branding-zh-CN.css -&gt; X:\Files\Github\GRGL\GRGL\Docs\WorkingFiles\Output\HtmlHelp1\styles\branding-zh-CN.css
C:\Program Files (x86)\EWSoftware\Sandcastle Help File Builder\PresentationStyles\VS2013\styles\branding-zh-TW.css -&gt; X:\Files\Github\GRGL\GRGL\Docs\WorkingFiles\Output\HtmlHelp1\styles\branding-zh-TW.css
C:\Program Files (x86)\EWSoftware\Sandcastle Help File Builder\PresentationStyles\VS2013\styles\branding.css -&gt; X:\Files\Github\GRGL\GRGL\Docs\WorkingFiles\Output\HtmlHelp1\styles\branding.css
C:\Program Files (x86)\EWSoftware\Sandcastle Help File Builder\PresentationStyles\VS2013\icons\AlertCaution.png -&gt; X:\Files\Github\GRGL\GRGL\Docs\WorkingFiles\Output\Website\icons\AlertCaution.png
C:\Program Files (x86)\EWSoftware\Sandcastle Help File Builder\PresentationStyles\VS2013\icons\AlertNote.png -&gt; X:\Files\Github\GRGL\GRGL\Docs\WorkingFiles\Output\Website\icons\AlertNote.png
C:\Program Files (x86)\EWSoftware\Sandcastle Help File Builder\PresentationStyles\VS2013\icons\AlertSecurity.png -&gt; X:\Files\Github\GRGL\GRGL\Docs\WorkingFiles\Output\Website\icons\AlertSecurity.png
C:\Program Files (x86)\EWSoftware\Sandcastle Help File Builder\PresentationStyles\VS2013\icons\CFW.gif -&gt; X:\Files\Github\GRGL\GRGL\Docs\WorkingFiles\Output\Website\icons\CFW.gif
C:\Program Files (x86)\EWSoftware\Sandcastle Help File Builder\PresentationStyles\VS2013\icons\CodeExample.png -&gt; X:\Files\Github\GRGL\GRGL\Docs\WorkingFiles\Output\Website\icons\CodeExample.png
C:\Program Files (x86)\EWSoftware\Sandcastle Help File Builder\PresentationStyles\VS2013\icons\favicon.ico -&gt; X:\Files\Github\GRGL\GRGL\Docs\WorkingFiles\Output\Website\icons\favicon.ico
C:\Program Files (x86)\EWSoftware\Sandcastle Help File Builder\PresentationStyles\VS2013\icons\privclass.gif -&gt; X:\Files\Github\GRGL\GRGL\Docs\WorkingFiles\Output\Website\icons\privclass.gif
C:\Program Files (x86)\EWSoftware\Sandcastle Help File Builder\PresentationStyles\VS2013\icons\privdelegate.gif -&gt; X:\Files\Github\GRGL\GRGL\Docs\WorkingFiles\Output\Website\icons\privdelegate.gif
C:\Program Files (x86)\EWSoftware\Sandcastle Help File Builder\PresentationStyles\VS2013\icons\privenumeration.gif -&gt; X:\Files\Github\GRGL\GRGL\Docs\WorkingFiles\Output\Website\icons\privenumeration.gif
C:\Program Files (x86)\EWSoftware\Sandcastle Help File Builder\PresentationStyles\VS2013\icons\privevent.gif -&gt; X:\Files\Github\GRGL\GRGL\Docs\WorkingFiles\Output\Website\icons\privevent.gif
C:\Program Files (x86)\EWSoftware\Sandcastle Help File Builder\PresentationStyles\VS2013\icons\privextension.gif -&gt; X:\Files\Github\GRGL\GRGL\Docs\WorkingFiles\Output\Website\icons\privextension.gif
C:\Program Files (x86)\EWSoftware\Sandcastle Help File Builder\PresentationStyles\VS2013\icons\privfield.gif -&gt; X:\Files\Github\GRGL\GRGL\Docs\WorkingFiles\Output\Website\icons\privfield.gif
C:\Program Files (x86)\EWSoftware\Sandcastle Help File Builder\PresentationStyles\VS2013\icons\privinterface.gif -&gt; X:\Files\Github\GRGL\GRGL\Docs\WorkingFiles\Output\Website\icons\privinterface.gif
C:\Program Files (x86)\EWSoftware\Sandcastle Help File Builder\PresentationStyles\VS2013\icons\privmethod.gif -&gt; X:\Files\Github\GRGL\GRGL\Docs\WorkingFiles\Output\Website\icons\privmethod.gif
C:\Program Files (x86)\EWSoftware\Sandcastle Help File Builder\PresentationStyles\VS2013\icons\privproperty.gif -&gt; X:\Files\Github\GRGL\GRGL\Docs\WorkingFiles\Output\Website\icons\privproperty.gif
C:\Program Files (x86)\EWSoftware\Sandcastle Help File Builder\PresentationStyles\VS2013\icons\privstructure.gif -&gt; X:\Files\Github\GRGL\GRGL\Docs\WorkingFiles\Output\Website\icons\privstructure.gif
C:\Program Files (x86)\EWSoftware\Sandcastle Help File Builder\PresentationStyles\VS2013\icons\protclass.gif -&gt; X:\Files\Github\GRGL\GRGL\Docs\WorkingFiles\Output\Website\icons\protclass.gif
C:\Program Files (x86)\EWSoftware\Sandcastle Help File Builder\PresentationStyles\VS2013\icons\protdelegate.gif -&gt; X:\Files\Github\GRGL\GRGL\Docs\WorkingFiles\Output\Website\icons\protdelegate.gif
C:\Program Files (x86)\EWSoftware\Sandcastle Help File Builder\PresentationStyles\VS2013\icons\protenumeration.gif -&gt; X:\Files\Github\GRGL\GRGL\Docs\WorkingFiles\Output\Website\icons\protenumeration.gif
C:\Program Files (x86)\EWSoftware\Sandcastle Help File Builder\PresentationStyles\VS2013\icons\protevent.gif -&gt; X:\Files\Github\GRGL\GRGL\Docs\WorkingFiles\Output\Website\icons\protevent.gif
C:\Program Files (x86)\EWSoftware\Sandcastle Help File Builder\PresentationStyles\VS2013\icons\protextension.gif -&gt; X:\Files\Github\GRGL\GRGL\Docs\WorkingFiles\Output\Website\icons\protextension.gif
C:\Program Files (x86)\EWSoftware\Sandcastle Help File Builder\PresentationStyles\VS2013\icons\protfield.gif -&gt; X:\Files\Github\GRGL\GRGL\Docs\WorkingFiles\Output\Website\icons\protfield.gif
C:\Program Files (x86)\EWSoftware\Sandcastle Help File Builder\PresentationStyles\VS2013\icons\protinterface.gif -&gt; X:\Files\Github\GRGL\GRGL\Docs\WorkingFiles\Output\Website\icons\protinterface.gif
C:\Program Files (x86)\EWSoftware\Sandcastle Help File Builder\PresentationStyles\VS2013\icons\protmethod.gif -&gt; X:\Files\Github\GRGL\GRGL\Docs\WorkingFiles\Output\Website\icons\protmethod.gif
C:\Program Files (x86)\EWSoftware\Sandcastle Help File Builder\PresentationStyles\VS2013\icons\protoperator.gif -&gt; X:\Files\Github\GRGL\GRGL\Docs\WorkingFiles\Output\Website\icons\protoperator.gif
C:\Program Files (x86)\EWSoftware\Sandcastle Help File Builder\PresentationStyles\VS2013\icons\protproperty.gif -&gt; X:\Files\Github\GRGL\GRGL\Docs\WorkingFiles\Output\Website\icons\protproperty.gif
C:\Program Files (x86)\EWSoftware\Sandcastle Help File Builder\PresentationStyles\VS2013\icons\protstructure.gif -&gt; X:\Files\Github\GRGL\GRGL\Docs\WorkingFiles\Output\Website\icons\protstructure.gif
C:\Program Files (x86)\EWSoftware\Sandcastle Help File Builder\PresentationStyles\VS2013\icons\pubclass.gif -&gt; X:\Files\Github\GRGL\GRGL\Docs\WorkingFiles\Output\Website\icons\pubclass.gif
C:\Program Files (x86)\EWSoftware\Sandcastle Help File Builder\PresentationStyles\VS2013\icons\pubdelegate.gif -&gt; X:\Files\Github\GRGL\GRGL\Docs\WorkingFiles\Output\Website\icons\pubdelegate.gif
C:\Program Files (x86)\EWSoftware\Sandcastle Help File Builder\PresentationStyles\VS2013\icons\pubenumeration.gif -&gt; X:\Files\Github\GRGL\GRGL\Docs\WorkingFiles\Output\Website\icons\pubenumeration.gif
C:\Program Files (x86)\EWSoftware\Sandcastle Help File Builder\PresentationStyles\VS2013\icons\pubevent.gif -&gt; X:\Files\Github\GRGL\GRGL\Docs\WorkingFiles\Output\Website\icons\pubevent.gif
C:\Program Files (x86)\EWSoftware\Sandcastle Help File Builder\PresentationStyles\VS2013\icons\pubextension.gif -&gt; X:\Files\Github\GRGL\GRGL\Docs\WorkingFiles\Output\Website\icons\pubextension.gif
C:\Program Files (x86)\EWSoftware\Sandcastle Help File Builder\PresentationStyles\VS2013\icons\pubfield.gif -&gt; X:\Files\Github\GRGL\GRGL\Docs\WorkingFiles\Output\Website\icons\pubfield.gif
C:\Program Files (x86)\EWSoftware\Sandcastle Help File Builder\PresentationStyles\VS2013\icons\pubinterface.gif -&gt; X:\Files\Github\GRGL\GRGL\Docs\WorkingFiles\Output\Website\icons\pubinterface.gif
C:\Program Files (x86)\EWSoftware\Sandcastle Help File Builder\PresentationStyles\VS2013\icons\pubmethod.gif -&gt; X:\Files\Github\GRGL\GRGL\Docs\WorkingFiles\Output\Website\icons\pubmethod.gif
C:\Program Files (x86)\EWSoftware\Sandcastle Help File Builder\PresentationStyles\VS2013\icons\puboperator.gif -&gt; X:\Files\Github\GRGL\GRGL\Docs\WorkingFiles\Output\Website\icons\puboperator.gif
C:\Program Files (x86)\EWSoftware\Sandcastle Help File Builder\PresentationStyles\VS2013\icons\pubproperty.gif -&gt; X:\Files\Github\GRGL\GRGL\Docs\WorkingFiles\Output\Website\icons\pubproperty.gif
C:\Program Files (x86)\EWSoftware\Sandcastle Help File Builder\PresentationStyles\VS2013\icons\pubstructure.gif -&gt; X:\Files\Github\GRGL\GRGL\Docs\WorkingFiles\Output\Website\icons\pubstructure.gif
C:\Program Files (x86)\EWSoftware\Sandcastle Help File Builder\PresentationStyles\VS2013\icons\SectionCollapsed.png -&gt; X:\Files\Github\GRGL\GRGL\Docs\WorkingFiles\Output\Website\icons\SectionCollapsed.png
C:\Program Files (x86)\EWSoftware\Sandcastle Help File Builder\PresentationStyles\VS2013\icons\SectionExpanded.png -&gt; X:\Files\Github\GRGL\GRGL\Docs\WorkingFiles\Output\Website\icons\SectionExpanded.png
C:\Program Files (x86)\EWSoftware\Sandcastle Help File Builder\PresentationStyles\VS2013\icons\slMobile.gif -&gt; X:\Files\Github\GRGL\GRGL\Docs\WorkingFiles\Output\Website\icons\slMobile.gif
C:\Program Files (x86)\EWSoftware\Sandcastle Help File Builder\PresentationStyles\VS2013\icons\static.gif -&gt; X:\Files\Github\GRGL\GRGL\Docs\WorkingFiles\Output\Website\icons\static.gif
C:\Program Files (x86)\EWSoftware\Sandcastle Help File Builder\PresentationStyles\VS2013\icons\xna.gif -&gt; X:\Files\Github\GRGL\GRGL\Docs\WorkingFiles\Output\Website\icons\xna.gif
C:\Program Files (x86)\EWSoftware\Sandcastle Help File Builder\PresentationStyles\VS2013\scripts\branding.js -&gt; X:\Files\Github\GRGL\GRGL\Docs\WorkingFiles\Output\Website\scripts\branding.js
C:\Program Files (x86)\EWSoftware\Sandcastle Help File Builder\PresentationStyles\VS2013\styles\branding-cs-CZ.css -&gt; X:\Files\Github\GRGL\GRGL\Docs\WorkingFiles\Output\Website\styles\branding-cs-CZ.css
C:\Program Files (x86)\EWSoftware\Sandcastle Help File Builder\PresentationStyles\VS2013\styles\branding-de-DE.css -&gt; X:\Files\Github\GRGL\GRGL\Docs\WorkingFiles\Output\Website\styles\branding-de-DE.css
C:\Program Files (x86)\EWSoftware\Sandcastle Help File Builder\PresentationStyles\VS2013\styles\branding-en-US.css -&gt; X:\Files\Github\GRGL\GRGL\Docs\WorkingFiles\Output\Website\styles\branding-en-US.css
C:\Program Files (x86)\EWSoftware\Sandcastle Help File Builder\PresentationStyles\VS2013\styles\branding-es-ES.css -&gt; X:\Files\Github\GRGL\GRGL\Docs\WorkingFiles\Output\Website\styles\branding-es-ES.css
C:\Program Files (x86)\EWSoftware\Sandcastle Help File Builder\PresentationStyles\VS2013\styles\branding-fr-FR.css -&gt; X:\Files\Github\GRGL\GRGL\Docs\WorkingFiles\Output\Website\styles\branding-fr-FR.css
C:\Program Files (x86)\EWSoftware\Sandcastle Help File Builder\PresentationStyles\VS2013\styles\branding-Help1.css -&gt; X:\Files\Github\GRGL\GRGL\Docs\WorkingFiles\Output\Website\styles\branding-Help1.css
C:\Program Files (x86)\EWSoftware\Sandcastle Help File Builder\PresentationStyles\VS2013\styles\branding-Help2.css -&gt; X:\Files\Github\GRGL\GRGL\Docs\WorkingFiles\Output\Website\styles\branding-Help2.css
C:\Program Files (x86)\EWSoftware\Sandcastle Help File Builder\PresentationStyles\VS2013\styles\branding-HelpViewer.css -&gt; X:\Files\Github\GRGL\GRGL\Docs\WorkingFiles\Output\Website\styles\branding-HelpViewer.css
C:\Program Files (x86)\EWSoftware\Sandcastle Help File Builder\PresentationStyles\VS2013\styles\branding-it-IT.css -&gt; X:\Files\Github\GRGL\GRGL\Docs\WorkingFiles\Output\Website\styles\branding-it-IT.css
C:\Program Files (x86)\EWSoftware\Sandcastle Help File Builder\PresentationStyles\VS2013\styles\branding-ja-JP.css -&gt; X:\Files\Github\GRGL\GRGL\Docs\WorkingFiles\Output\Website\styles\branding-ja-JP.css
C:\Program Files (x86)\EWSoftware\Sandcastle Help File Builder\PresentationStyles\VS2013\styles\branding-ko-KR.css -&gt; X:\Files\Github\GRGL\GRGL\Docs\WorkingFiles\Output\Website\styles\branding-ko-KR.css
C:\Program Files (x86)\EWSoftware\Sandcastle Help File Builder\PresentationStyles\VS2013\styles\branding-pl-PL.css -&gt; X:\Files\Github\GRGL\GRGL\Docs\WorkingFiles\Output\Website\styles\branding-pl-PL.css
C:\Program Files (x86)\EWSoftware\Sandcastle Help File Builder\PresentationStyles\VS2013\styles\branding-pt-BR.css -&gt; X:\Files\Github\GRGL\GRGL\Docs\WorkingFiles\Output\Website\styles\branding-pt-BR.css
C:\Program Files (x86)\EWSoftware\Sandcastle Help File Builder\PresentationStyles\VS2013\styles\branding-ru-RU.css -&gt; X:\Files\Github\GRGL\GRGL\Docs\WorkingFiles\Output\Website\styles\branding-ru-RU.css
C:\Program Files (x86)\EWSoftware\Sandcastle Help File Builder\PresentationStyles\VS2013\styles\branding-tr-TR.css -&gt; X:\Files\Github\GRGL\GRGL\Docs\WorkingFiles\Output\Website\styles\branding-tr-TR.css
C:\Program Files (x86)\EWSoftware\Sandcastle Help File Builder\PresentationStyles\VS2013\styles\branding-Website.css -&gt; X:\Files\Github\GRGL\GRGL\Docs\WorkingFiles\Output\Website\styles\branding-Website.css
C:\Program Files (x86)\EWSoftware\Sandcastle Help File Builder\PresentationStyles\VS2013\styles\branding-zh-CN.css -&gt; X:\Files\Github\GRGL\GRGL\Docs\WorkingFiles\Output\Website\styles\branding-zh-CN.css
C:\Program Files (x86)\EWSoftware\Sandcastle Help File Builder\PresentationStyles\VS2013\styles\branding-zh-TW.css -&gt; X:\Files\Github\GRGL\GRGL\Docs\WorkingFiles\Output\Website\styles\branding-zh-TW.css
C:\Program Files (x86)\EWSoftware\Sandcastle Help File Builder\PresentationStyles\VS2013\styles\branding.css -&gt; X:\Files\Github\GRGL\GRGL\Docs\WorkingFiles\Output\Website\styles\branding.css
C:\Program Files (x86)\EWSoftware\Sandcastle Help File Builder\PresentationStyles\VS2013\Web\index.html -&gt; X:\Files\Github\GRGL\GRGL\Docs\WorkingFiles\Output\Website\index.html
C:\Program Files (x86)\EWSoftware\Sandcastle Help File Builder\PresentationStyles\VS2013\Web\search.html -&gt; X:\Files\Github\GRGL\GRGL\Docs\WorkingFiles\Output\Website\search.html
C:\Program Files (x86)\EWSoftware\Sandcastle Help File Builder\PresentationStyles\VS2013\Web\SearchHelp.aspx -&gt; X:\Files\Github\GRGL\GRGL\Docs\WorkingFiles\Output\Website\SearchHelp.aspx
C:\Program Files (x86)\EWSoftware\Sandcastle Help File Builder\PresentationStyles\VS2013\Web\SearchHelp.inc.php -&gt; X:\Files\Github\GRGL\GRGL\Docs\WorkingFiles\Output\Website\SearchHelp.inc.php
C:\Program Files (x86)\EWSoftware\Sandcastle Help File Builder\PresentationStyles\VS2013\Web\SearchHelp.php -&gt; X:\Files\Github\GRGL\GRGL\Docs\WorkingFiles\Output\Website\SearchHelp.php
C:\Program Files (x86)\EWSoftware\Sandcastle Help File Builder\PresentationStyles\VS2013\Web\Web.Config -&gt; X:\Files\Github\GRGL\GRGL\Docs\WorkingFiles\Output\Website\Web.Config
C:\Program Files (x86)\EWSoftware\Sandcastle Help File Builder\PresentationStyles\VS2013\Web\icons\Search.png -&gt; X:\Files\Github\GRGL\GRGL\Docs\WorkingFiles\Output\Website\icons\Search.png
C:\Program Files (x86)\EWSoftware\Sandcastle Help File Builder\PresentationStyles\VS2013\Web\icons\TocClose.gif -&gt; X:\Files\Github\GRGL\GRGL\Docs\WorkingFiles\Output\Website\icons\TocClose.gif
C:\Program Files (x86)\EWSoftware\Sandcastle Help File Builder\PresentationStyles\VS2013\Web\icons\TocCollapsed.gif -&gt; X:\Files\Github\GRGL\GRGL\Docs\WorkingFiles\Output\Website\icons\TocCollapsed.gif
C:\Program Files (x86)\EWSoftware\Sandcastle Help File Builder\PresentationStyles\VS2013\Web\icons\TocExpanded.gif -&gt; X:\Files\Github\GRGL\GRGL\Docs\WorkingFiles\Output\Website\icons\TocExpanded.gif
C:\Program Files (x86)\EWSoftware\Sandcastle Help File Builder\PresentationStyles\VS2013\Web\icons\TocOpen.gif -&gt; X:\Files\Github\GRGL\GRGL\Docs\WorkingFiles\Output\Website\icons\TocOpen.gif
C:\Program Files (x86)\EWSoftware\Sandcastle Help File Builder\PresentationStyles\VS2013\Web\scripts\branding-Website.js -&gt; X:\Files\Github\GRGL\GRGL\Docs\WorkingFiles\Output\Website\scripts\branding-Website.js
C:\Program Files (x86)\EWSoftware\Sandcastle Help File Builder\PresentationStyles\VS2013\Web\scripts\jquery-1.11.0.min.js -&gt; X:\Files\Github\GRGL\GRGL\Docs\WorkingFiles\Output\Website\scripts\jquery-1.11.0.min.js
    Last step completed in 00:00:01.3921
</buildStep>
<buildStep step="GenerateHelpFormatTableOfContents">
Generating HTML Help 1 table of contents file...
    Last step completed in 00:00:00.0040
</buildStep>
<buildStep step="GenerateHelpFileIndex">
Generating HTML Help 1 index file...
    Last step completed in 00:00:00.0010
</buildStep>
<buildStep step="GenerateHelpProject">
Generating HTML Help 1 project file...
    Last step completed in 00:00:00.0060
</buildStep>
<buildStep step="CompilingHelpFile">
Compiling HTML Help 1 file...
[C:\Windows\Microsoft.NET\Framework64\v4.0.30319\MSBuild.exe]
  Microsoft HTML Help Compiler 4.74.8702
  
  
  
  Compiling x:\Files\Github\GRGL\GRGL\Docs\WorkingFiles\Output\HtmlHelp1\Documentation.chm
  
  
  
  
  
  Compile time: 0 minutes, 2 seconds
  
  222	Topics
  
  2,515	Local links
  
  936	Internet links
  
  0	Graphics
  
  
  
  
  
  Created x:\Files\Github\GRGL\GRGL\Docs\WorkingFiles\Output\HtmlHelp1\Documentation.chm, 237,383 bytes
  
  Compression decreased file by 1,812,718 bytes.
  
    Last step completed in 00:00:02.4861
</buildStep>
<buildStep step="GenerateHelpFormatTableOfContents">
Generating website table of contents file...
    Last step completed in 00:00:00.0040
</buildStep>
<buildStep step="GenerateFullTextIndex">
Generating full-text index for the website...

<plugIn name="Lightweight Website Style" behavior="After" priority="1000">
Adding lightweight search and TOC elements to each topic...
</plugIn>    Last step completed in 00:00:04.5363
</buildStep>
<buildStep step="CopyingWebsiteFiles">
Copying website files to output folder...

Copied 100 files
Copied 200 files
Copied 300 files
Copied 400 files
Copied 415 files for the website content
    Last step completed in 00:00:01.7411
</buildStep>
<buildStep step="CleanIntermediates">
Removing intermediate files...
    Last step completed in 00:00:00.2980
</buildStep>
<buildStep step="Completed">

Build completed successfully at 12/14/2014 6:38:17 PM.  Total time: 00:00:32.3428

</buildStep>
</shfbBuild>
